<?xml version="1.0" encoding="UTF-8"?>
<testsuite xmlns:xsi="http://www.w3.org/2001/XMLSchema-instance" xsi:noNamespaceSchemaLocation="https://maven.apache.org/surefire/maven-surefire-plugin/xsd/surefire-test-report.xsd" name="TestSuite" time="1.063" tests="4" errors="0" skipped="0" failures="1">
  <properties>
[...]
</properties>
  <testcase name="four" classname="com.test.cases.Demo" time="0.062"/>
  <testcase name="one" classname="com.test.cases.Demo" time="0"/>
  <testcase name="three" classname="com.test.cases.Demo" time="0.005">
    <failure message="expected [2] but found [1]" type="java.lang.AssertionError">java.lang.AssertionError: expected [2] but found [1]
	at com.test.cases.Demo.three(Demo.java:34)
</failure>
  </testcase>
  <testcase name="two" classname="com.test.cases.Demo" time="0"/>
</testsuite>